<?xml version="1.0" encoding="UTF-8"?>
<testng-results ignored="0" total="1" passed="1" failed="0" skipped="0">
  <reporter-output>
  </reporter-output>
  <suite started-at="2022-05-22T12:44:03 IST" name="Default suite" finished-at="2022-05-22T12:44:48 IST" duration-ms="45050">
    <groups>
    </groups>
    <test started-at="2022-05-22T12:44:03 IST" name="Default test" finished-at="2022-05-22T12:44:48 IST" duration-ms="45050">
      <class name="com.incred.login.HomePageTest">
        <test-method signature="launchbrowser()[pri:0, instance:com.incred.login.HomePageTest@1d9b7cce]" started-at="2022-05-22T12:44:03 IST" name="launchbrowser" finished-at="2022-05-22T12:44:48 IST" duration-ms="44899" status="PASS">
          <reporter-output>
          </reporter-output>
        </test-method> <!-- launchbrowser -->
      </class> <!-- com.incred.login.HomePageTest -->
    </test> <!-- Default test -->
  </suite> <!-- Default suite -->
</testng-results>
